{
  "D:\\code\\Javascript\\Next\\Portfolio\\components\\GlassCard\\GlassCard.jsx": {
    "path": "D:\\code\\Javascript\\Next\\Portfolio\\components\\GlassCard\\GlassCard.jsx",
    "statementMap": {
      "0": {
        "start": {
          "line": 7,
          "column": 31
        },
        "end": {
          "line": 7,
          "column": 36
        }
      },
      "1": {
        "start": {
          "line": 8,
          "column": 15
        },
        "end": {
          "line": 8,
          "column": 27
        }
      },
      "2": {
        "start": {
          "line": 10,
          "column": 2
        },
        "end": {
          "line": 12,
          "column": 15
        }
      },
      "3": {
        "start": {
          "line": 11,
          "column": 4
        },
        "end": {
          "line": 11,
          "column": 43
        }
      },
      "4": {
        "start": {
          "line": 14,
          "column": 2
        },
        "end": {
          "line": 14,
          "column": 37
        }
      },
      "5": {
        "start": {
          "line": 17,
          "column": 0
        },
        "end": {
          "line": 19,
          "column": 1
        }
      },
      "6": {
        "start": {
          "line": 28,
          "column": 19
        },
        "end": {
          "line": 35,
          "column": 3
        }
      },
      "7": {
        "start": {
          "line": 37,
          "column": 2
        },
        "end": {
          "line": 46,
          "column": 3
        }
      },
      "8": {
        "start": {
          "line": 49,
          "column": 0
        },
        "end": {
          "line": 55,
          "column": 1
        }
      }
    },
    "fnMap": {
      "0": {
        "name": "Tilt",
        "decl": {
          "start": {
            "line": 6,
            "column": 9
          },
          "end": {
            "line": 6,
            "column": 13
          }
        },
        "loc": {
          "start": {
            "line": 6,
            "column": 21
          },
          "end": {
            "line": 15,
            "column": 1
          }
        },
        "line": 6
      },
      "1": {
        "name": "(anonymous_1)",
        "decl": {
          "start": {
            "line": 10,
            "column": 12
          },
          "end": {
            "line": 10,
            "column": 13
          }
        },
        "loc": {
          "start": {
            "line": 10,
            "column": 18
          },
          "end": {
            "line": 12,
            "column": 3
          }
        },
        "line": 10
      },
      "2": {
        "name": "GlassCard",
        "decl": {
          "start": {
            "line": 21,
            "column": 24
          },
          "end": {
            "line": 21,
            "column": 33
          }
        },
        "loc": {
          "start": {
            "line": 27,
            "column": 3
          },
          "end": {
            "line": 47,
            "column": 1
          }
        },
        "line": 27
      }
    },
    "branchMap": {},
    "s": {
      "0": 2,
      "1": 2,
      "2": 2,
      "3": 2,
      "4": 2,
      "5": 2,
      "6": 2,
      "7": 2,
      "8": 2
    },
    "f": {
      "0": 2,
      "1": 2,
      "2": 2
    },
    "b": {},
    "_coverageSchema": "1a1c01bbd47fc00a2c39e90264f33305004495a9",
    "hash": "d26a690d6f5f939850df83872c40c81a2a3edb2b"
  }
}